TESTS WITH ERRORS 
test05_GM_8Puzzle_01 (gradingtests.UnitTests)
Traceback (most recent call last):
  File "C:\Users\kille\academics\automatedgradingapp\app\testing\uninformed-solvers\gradingtests.py", line 130, in test05_GM_8Puzzle_01
    p8.read('puzzle8_top_right_empty.txt')
  File "C:\Users\kille\academics\automatedgradingapp\app\testing\uninformed-solvers\game_master.py", line 134, in read
    for fr in read_tokenize(final_path):
  File "C:\Users\kille\academics\automatedgradingapp\app\testing\uninformed-solvers\read.py", line 37, in read_tokenize
    for line in file:
  File "C:\Program Files\Python37\lib\encodings\cp1252.py", line 23, in decode
    return codecs.charmap_decode(input,self.errors,decoding_table)[0]
UnicodeDecodeError: 'charmap' codec can't decode byte 0x90 in position 257: character maps to <undefined>

test06_GM_8Puzzle_02 (gradingtests.UnitTests)
Traceback (most recent call last):
  File "C:\Users\kille\academics\automatedgradingapp\app\testing\uninformed-solvers\gradingtests.py", line 140, in test06_GM_8Puzzle_02
    p8.read('puzzle8_center_empty.txt')
  File "C:\Users\kille\academics\automatedgradingapp\app\testing\uninformed-solvers\game_master.py", line 134, in read
    for fr in read_tokenize(final_path):
  File "C:\Users\kille\academics\automatedgradingapp\app\testing\uninformed-solvers\read.py", line 37, in read_tokenize
    for line in file:
  File "C:\Program Files\Python37\lib\encodings\cp1252.py", line 23, in decode
    return codecs.charmap_decode(input,self.errors,decoding_table)[0]
UnicodeDecodeError: 'charmap' codec can't decode byte 0x90 in position 257: character maps to <undefined>

test07_GM_8Puzzle_03 (gradingtests.UnitTests)
Traceback (most recent call last):
  File "C:\Users\kille\academics\automatedgradingapp\app\testing\uninformed-solvers\gradingtests.py", line 157, in test07_GM_8Puzzle_03
    p8.read('puzzle8_top_right_empty.txt')
  File "C:\Users\kille\academics\automatedgradingapp\app\testing\uninformed-solvers\game_master.py", line 134, in read
    for fr in read_tokenize(final_path):
  File "C:\Users\kille\academics\automatedgradingapp\app\testing\uninformed-solvers\read.py", line 37, in read_tokenize
    for line in file:
  File "C:\Program Files\Python37\lib\encodings\cp1252.py", line 23, in decode
    return codecs.charmap_decode(input,self.errors,decoding_table)[0]
UnicodeDecodeError: 'charmap' codec can't decode byte 0x90 in position 257: character maps to <undefined>

test08_GM_8Puzzle_04 (gradingtests.UnitTests)
Traceback (most recent call last):
  File "C:\Users\kille\academics\automatedgradingapp\app\testing\uninformed-solvers\gradingtests.py", line 185, in test08_GM_8Puzzle_04
    p8.read('puzzle8_center_empty.txt')
  File "C:\Users\kille\academics\automatedgradingapp\app\testing\uninformed-solvers\game_master.py", line 134, in read
    for fr in read_tokenize(final_path):
  File "C:\Users\kille\academics\automatedgradingapp\app\testing\uninformed-solvers\read.py", line 37, in read_tokenize
    for line in file:
  File "C:\Program Files\Python37\lib\encodings\cp1252.py", line 23, in decode
    return codecs.charmap_decode(input,self.errors,decoding_table)[0]
UnicodeDecodeError: 'charmap' codec can't decode byte 0x90 in position 257: character maps to <undefined>

test15_DFS_8Puzzle_01 (gradingtests.UnitTests)
Traceback (most recent call last):
  File "C:\Users\kille\academics\automatedgradingapp\app\testing\uninformed-solvers\gradingtests.py", line 319, in test15_DFS_8Puzzle_01
    p8.read('puzzle8_top_right_empty.txt')
  File "C:\Users\kille\academics\automatedgradingapp\app\testing\uninformed-solvers\game_master.py", line 134, in read
    for fr in read_tokenize(final_path):
  File "C:\Users\kille\academics\automatedgradingapp\app\testing\uninformed-solvers\read.py", line 37, in read_tokenize
    for line in file:
  File "C:\Program Files\Python37\lib\encodings\cp1252.py", line 23, in decode
    return codecs.charmap_decode(input,self.errors,decoding_table)[0]
UnicodeDecodeError: 'charmap' codec can't decode byte 0x90 in position 257: character maps to <undefined>

test16_DFS_8Puzzle_02 (gradingtests.UnitTests)
Traceback (most recent call last):
  File "C:\Users\kille\academics\automatedgradingapp\app\testing\uninformed-solvers\gradingtests.py", line 338, in test16_DFS_8Puzzle_02
    p8.read('puzzle8_center_empty.txt')
  File "C:\Users\kille\academics\automatedgradingapp\app\testing\uninformed-solvers\game_master.py", line 134, in read
    for fr in read_tokenize(final_path):
  File "C:\Users\kille\academics\automatedgradingapp\app\testing\uninformed-solvers\read.py", line 37, in read_tokenize
    for line in file:
  File "C:\Program Files\Python37\lib\encodings\cp1252.py", line 23, in decode
    return codecs.charmap_decode(input,self.errors,decoding_table)[0]
UnicodeDecodeError: 'charmap' codec can't decode byte 0x90 in position 257: character maps to <undefined>

test17_DFS_8Puzzle_03 (gradingtests.UnitTests)
Traceback (most recent call last):
  File "C:\Users\kille\academics\automatedgradingapp\app\testing\uninformed-solvers\gradingtests.py", line 357, in test17_DFS_8Puzzle_03
    p8.read('puzzle8_center_empty.txt')
  File "C:\Users\kille\academics\automatedgradingapp\app\testing\uninformed-solvers\game_master.py", line 134, in read
    for fr in read_tokenize(final_path):
  File "C:\Users\kille\academics\automatedgradingapp\app\testing\uninformed-solvers\read.py", line 37, in read_tokenize
    for line in file:
  File "C:\Program Files\Python37\lib\encodings\cp1252.py", line 23, in decode
    return codecs.charmap_decode(input,self.errors,decoding_table)[0]
UnicodeDecodeError: 'charmap' codec can't decode byte 0x90 in position 257: character maps to <undefined>

test18_BFS_8Puzzle_01 (gradingtests.UnitTests)
Traceback (most recent call last):
  File "C:\Users\kille\academics\automatedgradingapp\app\testing\uninformed-solvers\gradingtests.py", line 376, in test18_BFS_8Puzzle_01
    p8.read('puzzle8_top_right_empty.txt')
  File "C:\Users\kille\academics\automatedgradingapp\app\testing\uninformed-solvers\game_master.py", line 134, in read
    for fr in read_tokenize(final_path):
  File "C:\Users\kille\academics\automatedgradingapp\app\testing\uninformed-solvers\read.py", line 37, in read_tokenize
    for line in file:
  File "C:\Program Files\Python37\lib\encodings\cp1252.py", line 23, in decode
    return codecs.charmap_decode(input,self.errors,decoding_table)[0]
UnicodeDecodeError: 'charmap' codec can't decode byte 0x90 in position 257: character maps to <undefined>

test19_BFS_8Puzzle_02 (gradingtests.UnitTests)
Traceback (most recent call last):
  File "C:\Users\kille\academics\automatedgradingapp\app\testing\uninformed-solvers\gradingtests.py", line 395, in test19_BFS_8Puzzle_02
    p8.read('puzzle8_top_right_empty.txt')
  File "C:\Users\kille\academics\automatedgradingapp\app\testing\uninformed-solvers\game_master.py", line 134, in read
    for fr in read_tokenize(final_path):
  File "C:\Users\kille\academics\automatedgradingapp\app\testing\uninformed-solvers\read.py", line 37, in read_tokenize
    for line in file:
  File "C:\Program Files\Python37\lib\encodings\cp1252.py", line 23, in decode
    return codecs.charmap_decode(input,self.errors,decoding_table)[0]
UnicodeDecodeError: 'charmap' codec can't decode byte 0x90 in position 257: character maps to <undefined>

test20_BFS_8Puzzle_03 (gradingtests.UnitTests)
Traceback (most recent call last):
  File "C:\Users\kille\academics\automatedgradingapp\app\testing\uninformed-solvers\gradingtests.py", line 414, in test20_BFS_8Puzzle_03
    p8.read('puzzle8_center_empty.txt')
  File "C:\Users\kille\academics\automatedgradingapp\app\testing\uninformed-solvers\game_master.py", line 134, in read
    for fr in read_tokenize(final_path):
  File "C:\Users\kille\academics\automatedgradingapp\app\testing\uninformed-solvers\read.py", line 37, in read_tokenize
    for line in file:
  File "C:\Program Files\Python37\lib\encodings\cp1252.py", line 23, in decode
    return codecs.charmap_decode(input,self.errors,decoding_table)[0]
UnicodeDecodeError: 'charmap' codec can't decode byte 0x90 in position 257: character maps to <undefined>

-------------------------------
TESTS FAILED  
test01_GM_Hanoi_01 (gradingtests.UnitTests)
Traceback (most recent call last):
  File "C:\Users\kille\academics\automatedgradingapp\app\testing\uninformed-solvers\gradingtests.py", line 81, in test01_GM_Hanoi_01
    self.assertTrue(th.isWon())
AssertionError: False is not true

test02_GM_Hanoi_02 (gradingtests.UnitTests)
Traceback (most recent call last):
  File "C:\Users\kille\academics\automatedgradingapp\app\testing\uninformed-solvers\gradingtests.py", line 94, in test02_GM_Hanoi_02
    self.assertEqual(th.getGameState(), ((1,2,3,4,5),(),()))
AssertionError: None != ((1, 2, 3, 4, 5), (), ())

test03_GM_Hanoi_03 (gradingtests.UnitTests)
Traceback (most recent call last):
  File "C:\Users\kille\academics\automatedgradingapp\app\testing\uninformed-solvers\gradingtests.py", line 107, in test03_GM_Hanoi_03
    self.assertEqual(th.getGameState(), ((3,4,5),(2,),(1,)))
AssertionError: None != ((3, 4, 5), (2,), (1,))

test04_GM_Hanoi_04 (gradingtests.UnitTests)
Traceback (most recent call last):
  File "C:\Users\kille\academics\automatedgradingapp\app\testing\uninformed-solvers\gradingtests.py", line 122, in test04_GM_Hanoi_04
    self.assertEqual(th.getGameState(), ((3,4,5),(),(1,2)))
AssertionError: None != ((3, 4, 5), (), (1, 2))

test09_DFS_Hanoi_01 (gradingtests.UnitTests)
Traceback (most recent call last):
  File "C:\Users\kille\academics\automatedgradingapp\app\testing\uninformed-solvers\gradingtests.py", line 227, in test09_DFS_Hanoi_01
    [14, ((), (), (1, 2, 3))],
  File "C:\Users\kille\academics\automatedgradingapp\app\testing\uninformed-solvers\gradingtests.py", line 55, in runPlayXSteps
    self.assertEqual(results[index], expected)
AssertionError: None != ((3,), (1, 2), ())

test10_DFS_Hanoi_02 (gradingtests.UnitTests)
Traceback (most recent call last):
  File "C:\Users\kille\academics\automatedgradingapp\app\testing\uninformed-solvers\gradingtests.py", line 246, in test10_DFS_Hanoi_02
    [20, ((2,5,), (4,), (1, 3))],
  File "C:\Users\kille\academics\automatedgradingapp\app\testing\uninformed-solvers\gradingtests.py", line 55, in runPlayXSteps
    self.assertEqual(results[index], expected)
AssertionError: None != ((1, 4, 5), (2,), (3,))

test11_DFS_Hanoi_03 (gradingtests.UnitTests)
Traceback (most recent call last):
  File "C:\Users\kille\academics\automatedgradingapp\app\testing\uninformed-solvers\gradingtests.py", line 260, in test11_DFS_Hanoi_03
    self.runSolve(solver)
  File "C:\Users\kille\academics\automatedgradingapp\app\testing\uninformed-solvers\gradingtests.py", line 69, in runSolve
    self.assertTrue(solver.gm.isWon())
AssertionError: False is not true

test12_BFS_Hanoi_01 (gradingtests.UnitTests)
Traceback (most recent call last):
  File "C:\Users\kille\academics\automatedgradingapp\app\testing\uninformed-solvers\gradingtests.py", line 278, in test12_BFS_Hanoi_01
    [22, ((2,), (3,), (1,))],
  File "C:\Users\kille\academics\automatedgradingapp\app\testing\uninformed-solvers\gradingtests.py", line 55, in runPlayXSteps
    self.assertEqual(results[index], expected)
AssertionError: None != ((), (3,), (1, 2))

test13_BFS_Hanoi_02 (gradingtests.UnitTests)
Traceback (most recent call last):
  File "C:\Users\kille\academics\automatedgradingapp\app\testing\uninformed-solvers\gradingtests.py", line 296, in test13_BFS_Hanoi_02
    [23, ((5,), (4,), (1, 2, 3))],
  File "C:\Users\kille\academics\automatedgradingapp\app\testing\uninformed-solvers\gradingtests.py", line 55, in runPlayXSteps
    self.assertEqual(results[index], expected)
AssertionError: None != ((2, 3, 4, 5), (), (1,))

test14_BFS_Hanoi_03 (gradingtests.UnitTests)
Traceback (most recent call last):
  File "C:\Users\kille\academics\automatedgradingapp\app\testing\uninformed-solvers\gradingtests.py", line 314, in test14_BFS_Hanoi_03
    [23, ((1, 4, 5), (), (2, 3))],
  File "C:\Users\kille\academics\automatedgradingapp\app\testing\uninformed-solvers\gradingtests.py", line 55, in runPlayXSteps
    self.assertEqual(results[index], expected)
AssertionError: None != ((3, 4, 5), (1, 2), ())

-------------------------------
TESTS SKIPPED 
-------------------------------
